<?xml version="1.0" encoding="UTF-8"?>
<testng-results skipped="0" failed="0" total="1" passed="1">
  <reporter-output>
  </reporter-output>
  <suite name="Default suite" duration-ms="67864" started-at="2016-12-22T12:33:35Z" finished-at="2016-12-22T12:34:43Z">
    <groups>
    </groups>
    <test name="Default test" duration-ms="67864" started-at="2016-12-22T12:33:35Z" finished-at="2016-12-22T12:34:43Z">
      <class name="com.javacodegeeks.testng.maven.NewTest">
        <test-method status="PASS" signature="beforeTest()[pri:0, instance:com.javacodegeeks.testng.maven.NewTest@2b98378d]" name="beforeTest" is-config="true" duration-ms="4341" started-at="2016-12-22T12:33:35Z" finished-at="2016-12-22T12:33:39Z">
          <reporter-output>
          </reporter-output>
        </test-method> <!-- beforeTest -->
        <test-method status="PASS" signature="createApplication()[pri:0, instance:com.javacodegeeks.testng.maven.NewTest@2b98378d]" name="createApplication" duration-ms="62447" started-at="2016-12-22T12:33:39Z" finished-at="2016-12-22T12:34:42Z">
          <reporter-output>
          </reporter-output>
        </test-method> <!-- createApplication -->
        <test-method status="PASS" signature="afterTest()[pri:0, instance:com.javacodegeeks.testng.maven.NewTest@2b98378d]" name="afterTest" is-config="true" duration-ms="1060" started-at="2016-12-22T12:34:42Z" finished-at="2016-12-22T12:34:43Z">
          <reporter-output>
          </reporter-output>
        </test-method> <!-- afterTest -->
      </class> <!-- com.javacodegeeks.testng.maven.NewTest -->
    </test> <!-- Default test -->
  </suite> <!-- Default suite -->
</testng-results>
