<?xml version="1.0" encoding="UTF-8"?>
<testng-results skipped="0" failed="0" total="1" passed="1">
  <reporter-output>
  </reporter-output>
  <suite name="Default suite" duration-ms="72018" started-at="2016-12-23T09:44:48Z" finished-at="2016-12-23T09:46:00Z">
    <groups>
    </groups>
    <test name="Default test" duration-ms="72018" started-at="2016-12-23T09:44:48Z" finished-at="2016-12-23T09:46:00Z">
      <class name="com.javacodegeeks.testng.maven.NewTest">
        <test-method status="PASS" signature="beforeTest()[pri:0, instance:com.javacodegeeks.testng.maven.NewTest@2b98378d]" name="beforeTest" is-config="true" duration-ms="4241" started-at="2016-12-23T09:44:48Z" finished-at="2016-12-23T09:44:52Z">
          <reporter-output>
          </reporter-output>
        </test-method> <!-- beforeTest -->
        <test-method status="PASS" signature="createApplication()[pri:0, instance:com.javacodegeeks.testng.maven.NewTest@2b98378d]" name="createApplication" duration-ms="66588" started-at="2016-12-23T09:44:52Z" finished-at="2016-12-23T09:45:59Z">
          <reporter-output>
          </reporter-output>
        </test-method> <!-- createApplication -->
        <test-method status="PASS" signature="afterTest()[pri:0, instance:com.javacodegeeks.testng.maven.NewTest@2b98378d]" name="afterTest" is-config="true" duration-ms="1166" started-at="2016-12-23T09:45:59Z" finished-at="2016-12-23T09:46:00Z">
          <reporter-output>
          </reporter-output>
        </test-method> <!-- afterTest -->
      </class> <!-- com.javacodegeeks.testng.maven.NewTest -->
    </test> <!-- Default test -->
  </suite> <!-- Default suite -->
</testng-results>
