<?xml version="1.0" encoding="UTF-8"?>
<!-- Generated by org.testng.reporters.JUnitXMLReporter -->
<testsuite hostname="NP036L" name="TestNgMavenTest" tests="2" failures="0" timestamp="7 Dec 2016 11:03:04 GMT" time="0.044" errors="0">
  <testcase name="exampleOfTestNgMaven" time="0.015" classname="com.javacodegeeks.testng.maven.TestNgMavenExample"/>
  <testcase name="oneMoreTest" time="0.003" classname="com.javacodegeeks.testng.maven.TestNgMavenSecondClass"/>
</testsuite> <!-- TestNgMavenTest -->
